<?xml version="1.0" encoding="UTF-8"?>
<!-- Generated by org.testng.reporters.JUnitReportReporter -->
<testsuite skipped="0" hostname="IND-L056" name="com.leafBot.testcases.TC001_LoginLogOut" tests="3" failures="0" timestamp="01 Feb 2020 05:16:15 GMT" time="41.675" errors="0">
  <testcase name="createLeaf" time="14.898" classname="com.leafBot.testcases.TC001_LoginLogOut"/>
  <testcase name="createLeaf" time="13.027" classname="com.leafBot.testcases.TC001_LoginLogOut"/>
  <testcase name="createLeaf" time="13.750" classname="com.leafBot.testcases.TC001_LoginLogOut"/>
</testsuite> <!-- com.leafBot.testcases.TC001_LoginLogOut -->
